This is pdfTeX, Version 3.141592653-2.6-1.40.25 (TeX Live 2023/Debian) (preloaded format=latex 2025.10.9)  9 OCT 2025 20:38
entering extended mode
 restricted \write18 enabled.
 %&-line parsing enabled.
**_formulas_dark
(./_formulas_dark.tex
LaTeX2e <2023-11-01> patch level 1
L3 programming layer <2024-01-22>
(/usr/share/texlive/texmf-dist/tex/latex/base/article.cls
Document Class: article 2023/05/17 v1.4n Standard LaTeX document class
(/usr/share/texlive/texmf-dist/tex/latex/base/size10.clo
File: size10.clo 2023/05/17 v1.4n Standard LaTeX file (size option)
)
\c@part=\count187
\c@section=\count188
\c@subsection=\count189
\c@subsubsection=\count190
\c@paragraph=\count191
\c@subparagraph=\count192
\c@figure=\count193
\c@table=\count194
\abovecaptionskip=\skip48
\belowcaptionskip=\skip49
\bibindent=\dimen140
) (/usr/share/texlive/texmf-dist/tex/latex/base/ifthen.sty
Package: ifthen 2022/04/13 v1.1d Standard LaTeX ifthen package (DPC)
) (/usr/share/texlive/texmf-dist/tex/latex/graphics/epsfig.sty
Package: epsfig 2017/06/25 v1.7b (e)psfig emulation (SPQR)
(/usr/share/texlive/texmf-dist/tex/latex/graphics/graphicx.sty
Package: graphicx 2021/09/16 v1.2d Enhanced LaTeX Graphics (DPC,SPQR)
(/usr/share/texlive/texmf-dist/tex/latex/graphics/keyval.sty
Package: keyval 2022/05/29 v1.15 key=value parser (DPC)
\KV@toks@=\toks17
) (/usr/share/texlive/texmf-dist/tex/latex/graphics/graphics.sty
Package: graphics 2022/03/10 v1.4e Standard LaTeX Graphics (DPC,SPQR)
(/usr/share/texlive/texmf-dist/tex/latex/graphics/trig.sty
Package: trig 2021/08/11 v1.11 sin cos tan (DPC)
) (/usr/share/texlive/texmf-dist/tex/latex/graphics-cfg/graphics.cfg
File: graphics.cfg 2016/06/04 v1.11 sample graphics configuration
)
Package graphics Info: Driver file: dvips.def on input line 107.
(/usr/share/texlive/texmf-dist/tex/latex/graphics-def/dvips.def
File: dvips.def 2022/09/22 v3.1e Graphics/color driver for dvips
))
\Gin@req@height=\dimen141
\Gin@req@width=\dimen142
)
\epsfxsize=\dimen143
\epsfysize=\dimen144
) (/usr/share/texlive/texmf-dist/tex/latex/base/inputenc.sty
Package: inputenc 2021/02/14 v1.3d Input encoding file
\inpenc@prehook=\toks18
\inpenc@posthook=\toks19
) (/usr/share/texlive/texmf-dist/tex/latex/xcolor/xcolor.sty
Package: xcolor 2023/11/15 v3.01 LaTeX color extensions (UK)
(/usr/share/texlive/texmf-dist/tex/latex/graphics-cfg/color.cfg
File: color.cfg 2016/01/02 v1.6 sample color configuration
)
Package xcolor Info: Driver file: dvips.def on input line 274.
(/usr/share/texlive/texmf-dist/tex/latex/graphics/mathcolor.ltx)
Package xcolor Info: Model `cmy' substituted by `cmy0' on input line 1350.
Package xcolor Info: Model `RGB' extended on input line 1366.
Package xcolor Info: Model `HTML' substituted by `rgb' on input line 1368.
Package xcolor Info: Model `Hsb' substituted by `hsb' on input line 1369.
Package xcolor Info: Model `tHsb' substituted by `hsb' on input line 1370.
Package xcolor Info: Model `HSB' substituted by `hsb' on input line 1371.
Package xcolor Info: Model `Gray' substituted by `gray' on input line 1372.
Package xcolor Info: Model `wave' substituted by `hsb' on input line 1373.
) (/usr/share/texlive/texmf-dist/tex/latex/amsmath/amsmath.sty
Package: amsmath 2023/05/13 v2.17o AMS math features
\@mathmargin=\skip50
For additional information on amsmath, use the `?' option.
(/usr/share/texlive/texmf-dist/tex/latex/amsmath/amstext.sty
Package: amstext 2021/08/26 v2.01 AMS text
(/usr/share/texlive/texmf-dist/tex/latex/amsmath/amsgen.sty
File: amsgen.sty 1999/11/30 v2.0 generic functions
\@emptytoks=\toks20
\ex@=\dimen145
)) (/usr/share/texlive/texmf-dist/tex/latex/amsmath/amsbsy.sty
Package: amsbsy 1999/11/29 v1.2d Bold Symbols
\pmbraise@=\dimen146
) (/usr/share/texlive/texmf-dist/tex/latex/amsmath/amsopn.sty
Package: amsopn 2022/04/08 v2.04 operator names
)
\inf@bad=\count195
LaTeX Info: Redefining \frac on input line 234.
\uproot@=\count196
\leftroot@=\count197
LaTeX Info: Redefining \overline on input line 399.
LaTeX Info: Redefining \colon on input line 410.
\classnum@=\count198
\DOTSCASE@=\count199
LaTeX Info: Redefining \ldots on input line 496.
LaTeX Info: Redefining \dots on input line 499.
LaTeX Info: Redefining \cdots on input line 620.
\Mathstrutbox@=\box51
\strutbox@=\box52
LaTeX Info: Redefining \big on input line 722.
LaTeX Info: Redefining \Big on input line 723.
LaTeX Info: Redefining \bigg on input line 724.
LaTeX Info: Redefining \Bigg on input line 725.
\big@size=\dimen147
LaTeX Font Info:    Redeclaring font encoding OML on input line 743.
LaTeX Font Info:    Redeclaring font encoding OMS on input line 744.
\macc@depth=\count266
LaTeX Info: Redefining \bmod on input line 905.
LaTeX Info: Redefining \pmod on input line 910.
LaTeX Info: Redefining \smash on input line 940.
LaTeX Info: Redefining \relbar on input line 970.
LaTeX Info: Redefining \Relbar on input line 971.
\c@MaxMatrixCols=\count267
\dotsspace@=\muskip16
\c@parentequation=\count268
\dspbrk@lvl=\count269
\tag@help=\toks21
\row@=\count270
\column@=\count271
\maxfields@=\count272
\andhelp@=\toks22
\eqnshift@=\dimen148
\alignsep@=\dimen149
\tagshift@=\dimen150
\tagwidth@=\dimen151
\totwidth@=\dimen152
\lineht@=\dimen153
\@envbody=\toks23
\multlinegap=\skip51
\multlinetaggap=\skip52
\mathdisplay@stack=\toks24
LaTeX Info: Redefining \[ on input line 2953.
LaTeX Info: Redefining \] on input line 2954.
) (/usr/share/texlive/texmf-dist/tex/latex/amsfonts/amssymb.sty
Package: amssymb 2013/01/14 v3.01 AMS font symbols
(/usr/share/texlive/texmf-dist/tex/latex/amsfonts/amsfonts.sty
Package: amsfonts 2013/01/14 v3.01 Basic AMSFonts support
\symAMSa=\mathgroup4
\symAMSb=\mathgroup5
LaTeX Font Info:    Redeclaring math symbol \hbar on input line 98.
LaTeX Font Info:    Overwriting math alphabet `\mathfrak' in version `bold'
(Font)                  U/euf/m/n --> U/euf/b/n on input line 106.
)) (/usr/share/texlive/texmf-dist/tex/latex/newunicodechar/newunicodechar.sty
Package: newunicodechar 2018/04/08 v1.2 Defining Unicode characters
) (/usr/share/texlive/texmf-dist/tex/latex/l3backend/l3backend-dvips.def
File: l3backend-dvips.def 2024-01-04 L3 backend support: dvips
\l__pdf_internal_box=\box53
\g__pdf_backend_object_int=\count273
\l__pdf_backend_content_box=\box54
\l__pdf_backend_model_box=\box55
\g__pdf_backend_annotation_int=\count274
\g__pdf_backend_link_int=\count275
\g__pdf_backend_link_sf_int=\count276
)
No file _formulas_dark.aux.
\openout1 = `_formulas_dark.aux'.

LaTeX Font Info:    Checking defaults for OML/cmm/m/it on input line 33.
LaTeX Font Info:    ... okay on input line 33.
LaTeX Font Info:    Checking defaults for OMS/cmsy/m/n on input line 33.
LaTeX Font Info:    ... okay on input line 33.
LaTeX Font Info:    Checking defaults for OT1/cmr/m/n on input line 33.
LaTeX Font Info:    ... okay on input line 33.
LaTeX Font Info:    Checking defaults for T1/cmr/m/n on input line 33.
LaTeX Font Info:    ... okay on input line 33.
LaTeX Font Info:    Checking defaults for TS1/cmr/m/n on input line 33.
LaTeX Font Info:    ... okay on input line 33.
LaTeX Font Info:    Checking defaults for OMX/cmex/m/n on input line 33.
LaTeX Font Info:    ... okay on input line 33.
LaTeX Font Info:    Checking defaults for U/cmr/m/n on input line 33.
LaTeX Font Info:    ... okay on input line 33.
LaTeX Font Info:    Trying to load font information for U+msa on input line 34.

(/usr/share/texlive/texmf-dist/tex/latex/amsfonts/umsa.fd
File: umsa.fd 2013/01/14 v3.01 AMS symbols A
)
LaTeX Font Info:    Trying to load font information for U+msb on input line 34.

(/usr/share/texlive/texmf-dist/tex/latex/amsfonts/umsb.fd
File: umsb.fd 2013/01/14 v3.01 AMS symbols B
) [1

] [2] [3] [4] [5] [6] [7] [8] [9] [10] [11] [12] [13] [14] [15] [16] [17] [18] 
[19] [20] [21] [22] [23] [24] [25] [26] [27] [28] [29] [30] [31] [32] [33] [34]
[35] [36] [37] [38] [39] [40]
Overfull \hbox (113.02576pt too wide) detected at line 189
[]\OT1/cmr/m/n/10 (\OML/cmm/m/it/10 c; p; \OMS/cmsy/m/n/10 ^^C\OML/cmm/m/it/10 
; \OMS/cmsy/m/n/10 ^^C\OT1/cmr/m/n/10 ) = [][](\OML/cmm/m/it/10 c; p; \OMS/cmsy
/m/n/10 ^^C\OML/cmm/m/it/10 ; \OMS/cmsy/m/n/10 ^^C\OT1/cmr/m/n/10 ) \OML/cmm/m/
it/10 c \OT1/cmr/m/n/10 = 0\OML/cmm/m/it/10 ; [] ; C [] []\OT1/cmr/m/n/10 (\OML
/cmm/m/it/10 p; \OMS/cmsy/m/n/10 ^^C\OML/cmm/m/it/10 ; \OMS/cmsy/m/n/10 ^^C\OT1
/cmr/m/n/10 ) = [][](\OML/cmm/m/it/10 p; \OMS/cmsy/m/n/10 ^^C\OML/cmm/m/it/10 ;
 \OMS/cmsy/m/n/10 ^^C\OT1/cmr/m/n/10 )
 []

[41]
Overfull \hbox (100.72028pt too wide) detected at line 196
[]\OT1/cmr/m/n/10 (\OML/cmm/m/it/10 c; p\OT1/cmr/m/n/10 ) = []([](\OML/cmm/m/it
/10 c; p; \OMS/cmsy/m/n/10 ^^C\OML/cmm/m/it/10 ; \OMS/cmsy/m/n/10 ^^C\OT1/cmr/m
/n/10 )) \OML/cmm/m/it/10 c \OT1/cmr/m/n/10 = 0\OML/cmm/m/it/10 ; [] ; C [] []\
OT1/cmr/m/n/10 (\OML/cmm/m/it/10 p\OT1/cmr/m/n/10 ) = []([](\OML/cmm/m/it/10 p;
 \OMS/cmsy/m/n/10 ^^C\OML/cmm/m/it/10 ; \OMS/cmsy/m/n/10 ^^C\OT1/cmr/m/n/10 ))
 []

[42] [43] [44] [45] [46] [47] [48] [49] [50] [51]
Overfull \hbox (130.06215pt too wide) detected at line 248
[]\OT1/cmr/m/n/10 (\OML/cmm/m/it/10 p; \OMS/cmsy/m/n/10 ^^C\OT1/cmr/m/n/10 ) = 
[](\OML/cmm/m/it/10 t[]\OT1/cmr/m/n/10 ) [] [](\OML/cmm/m/it/10 t[]\OT1/cmr/m/n
/10 ) = []  \OML/cmm/m/it/10 t[] \OMS/cmsy/m/n/10 2 \OML/cmm/m/it/10 R \OT1/cmr
/m/n/10 = [\OMS/cmsy/m/n/10 ^^@\OT1/cmr/m/n/10 1\OML/cmm/m/it/10 ; \OT1/cmr/m/n
/10 1] ;
 []

[52]
Overfull \hbox (76.44354pt too wide) detected at line 255
[]\OT1/cmr/m/n/10 (\OML/cmm/m/it/10 p; \OMS/cmsy/m/n/10 ^^C\OT1/cmr/m/n/10 ) = 
[](\OML/cmm/m/it/10 u[]; v[]\OT1/cmr/m/n/10 ) [] [](\OML/cmm/m/it/10 u[]; v[]\O
T1/cmr/m/n/10 ) = ([](\OML/cmm/m/it/10 u[]; v[]\OT1/cmr/m/n/10 )\OML/cmm/m/it/1
0 ; []\OT1/cmr/m/n/10 (\OML/cmm/m/it/10 u[]; v[]\OT1/cmr/m/n/10 )\OML/cmm/m/it/
10 ; []\OT1/cmr/m/n/10 (\OML/cmm/m/it/10 u[]; v[]\OT1/cmr/m/n/10 )) (\OML/cmm/m
/it/10 u[]; v[]\OT1/cmr/m/n/10 ) \OMS/cmsy/m/n/10 2 \OML/cmm/m/it/10 R
 []

[53] [54] [55]

Package amsmath Warning: Foreign command \over;
(amsmath)                \frac or \genfrac should be used instead
(amsmath)                 on input line 270.

[56] [57] [58] [59] [60] [61] [62] [63] [64] [65] [66] [67] [68] [69] [70] [71]
! Missing $ inserted.
<inserted text> 
                $
l.359 
      
I've inserted a begin-math/end-math symbol since I think
you left one out. Proceed, with fingers crossed.

! Display math should end with $$.
<to be read again> 
                   \tex_par:D 
l.359 
      
The `$' that I just saw supposedly matches a previous `$$'.
So I shall assume that you typed `$$' both times.


! LaTeX Error: Bad math environment delimiter.

See the LaTeX manual or LaTeX Companion for explanation.
Type  H <return>  for immediate help.
 ...                                              
                                                  
l.360 \]
        
Your command was ignored.
Type  I <command> <return>  to replace it with another command,
or  <return>  to continue without it.

! Missing $ inserted.
<inserted text> 
                $
l.360 \]
        
I've inserted something that you may have forgotten.
(See the <inserted text> above.)
With luck, this will get me unwedged. But if you
really didn't forget anything, try typing `2' now; then
my insertion and my current dilemma will both disappear.

! Display math should end with $$.
<to be read again> 
                   \endgroup 
l.360 \]
        
The `$' that I just saw supposedly matches a previous `$$'.
So I shall assume that you typed `$$' both times.

[72] [73] [74] [75] [76] [77] [78] [79] [80] [81] [82] [83] [84] [85] [86] [87]
[88] [89] [90] [91] [92] [93] [94] [95] [96] [97]
Overfull \hbox (126.60355pt too wide) detected at line 472
[]\OT1/cmr/m/n/10 (\OML/cmm/m/it/10 c; p; d\OT1/cmr/m/n/10 ) = \OML/cmm/m/it/10
 DF[]\OT1/cmr/m/n/10 ([](\OML/cmm/m/it/10 u[]; v[]\OT1/cmr/m/n/10 )) \OMS/cmsy/
m/n/10 ^^A []\OT1/cmr/m/n/10 ;  [](\OML/cmm/m/it/10 c; p; d\OT1/cmr/m/n/10 ) = 
\OML/cmm/m/it/10 DF[]\OT1/cmr/m/n/10 ([](\OML/cmm/m/it/10 u[]; v[]\OT1/cmr/m/n/
10 )) \OMS/cmsy/m/n/10 ^^A [] \OT1/cmr/m/n/10 ;  (\OML/cmm/m/it/10 u[]; v[]\OT1
/cmr/m/n/10 ) \OMS/cmsy/m/n/10 2 \OML/cmm/m/it/10 R :
 []

[98] [99] [100] [101] [102] [103] [104] [105] [106] [107]
Overfull \hbox (172.29115pt too wide) detected at line 520
[]\OT1/cmr/m/n/10 (\OML/cmm/m/it/10 c; p; d\OT1/cmr/m/n/10 ) = []
 []

[108] [109] [110] [111] [112] [113] [114] [115] [116]
Overfull \hbox (75.03375pt too wide) detected at line 557
[]\OT1/cmr/m/n/10 (\OML/cmm/m/it/10 c; p; d\OT1/cmr/m/n/10 ) = [] \OMS/cmsy/m/n
/10 ^^B []  \OT1/cmr/m/n/10 ;  (\OML/cmm/m/it/10 u[]; v[]\OT1/cmr/m/n/10 ) \OMS
/cmsy/m/n/10 2 \OML/cmm/m/it/10 R :
 []

[117] [118] [119] [120] [121] [122] [123] [124] [125] [126] [127] [128] [129] [
130] [131] [132] [133] [134] [135] [136] [137]
Overfull \hbox (11.21323pt too wide) in paragraph at lines 674--685
[]$[]$
 []

[138] [139] [140] [141] [142] [143] [144] [145] [146] [147] [148] [149] [150] [
151] [152] [153] [154] [155] [156] [157] [158] [159] [160] [161] [162] [163] [1
64] [165] [166] [167] [168] [169] [170] [171] [172] [173]

Package amsmath Warning: Foreign command \atopwithdelims;
(amsmath)                \frac or \genfrac should be used instead
(amsmath)                 on input line 820.

[174] [175] [176] [177] [178] [179] [180] [181] [182] [183] [184] [185] [186] [
187] [188] [189] [190] [191] [192] [193] [194] [195] [196] [197] [198] [199] [2
00] [201] [202] [203] [204] [205] [206] [207] [208] [209] [210] [211] [212] [21
3] [214] [215] [216] [217] [218] [219] [220] [221] [222] [223] [224] [225] [226
] [227] [228] [229] [230] [231] [232] [233] [234] [235] [236] [237] [238] [239]
[240] [241] [242] [243] [244] [245] [246] [247] [248] [249] [250] [251] [252] [
253] [254] [255]
Overfull \hbox (45.0857pt too wide) detected at line 1137
\OML/cmm/m/it/10 outVals\OT1/cmr/m/n/10 (\OML/cmm/m/it/10 c; f; p; \OMS/cmsy/m/
n/10 ^^C\OT1/cmr/m/n/10 ) = [] \OMS/cmsy/m/n/10 ^^N \OML/cmm/m/it/10 F[]\OT1/cm
r/m/n/10 (\OML/cmm/m/it/10 x[]\OT1/cmr/m/n/10 ) = (\OML/cmm/m/it/10 DF[]\OT1/cm
r/m/n/10 )[]([]) \OMS/cmsy/m/n/10 ^^A r[]\OT1/cmr/m/n/10 ([]) 0 \OMS/cmsy/m/n/1
0 ^^T \OML/cmm/m/it/10 c < C :
 []

[256] [257] [258] [259]
Overfull \hbox (29.74753pt too wide) detected at line 1155
\OML/cmm/m/it/10 outVals\OT1/cmr/m/n/10 (\OML/cmm/m/it/10 c; f; p; \OMS/cmsy/m/
n/10 ^^C\OT1/cmr/m/n/10 ) = [] \OMS/cmsy/m/n/10 ^^N \OML/cmm/m/it/10 F[]\OT1/cm
r/m/n/10 (\OML/cmm/m/it/10 x[]\OT1/cmr/m/n/10 ) = (\OML/cmm/m/it/10 DF[]\OT1/cm
r/m/n/10 )[]([]) \OMS/cmsy/m/n/10 ^^A []\OT1/cmr/m/n/10 ([]) 0 \OMS/cmsy/m/n/10
 ^^T \OML/cmm/m/it/10 c < C :
 []

[260] [261] [262]
Overfull \hbox (79.80026pt too wide) detected at line 1171
\OML/cmm/m/it/10 outVals\OT1/cmr/m/n/10 (\OML/cmm/m/it/10 c; f; p; \OMS/cmsy/m/
n/10 ^^C\OT1/cmr/m/n/10 ) = [] \OMS/cmsy/m/n/10 ^^N \OML/cmm/m/it/10 F[]\OT1/cm
r/m/n/10 (\OML/cmm/m/it/10 x[]\OT1/cmr/m/n/10 ) = \OML/cmm/m/it/10 J[]\OT1/cmr/
m/n/10 ([])\OML/cmm/m/it/10 DF[]\OT1/cmr/m/n/10 ([]) \OMS/cmsy/m/n/10 ^^A r ^^B
 []\OT1/cmr/m/n/10 ([]) 0 \OMS/cmsy/m/n/10 ^^T \OML/cmm/m/it/10 c < C :
 []

[263] [264]
Overfull \hbox (43.1336pt too wide) detected at line 1182
\OML/cmm/m/it/10 outVals\OT1/cmr/m/n/10 (\OML/cmm/m/it/10 c; f; p; \OMS/cmsy/m/
n/10 ^^C\OT1/cmr/m/n/10 ) = [] \OMS/cmsy/m/n/10 ^^N \OML/cmm/m/it/10 F[]\OT1/cm
r/m/n/10 (\OML/cmm/m/it/10 x[]\OT1/cmr/m/n/10 ) = \OML/cmm/m/it/10 J[]\OT1/cmr/
m/n/10 ([])\OML/cmm/m/it/10 DF[]\OT1/cmr/m/n/10 ([]) \OMS/cmsy/m/n/10 ^^A []\OT
1/cmr/m/n/10 ([]) 0 \OMS/cmsy/m/n/10 ^^T \OML/cmm/m/it/10 c < C :
 []

[265] [266] [267]
Overfull \hbox (3.56241pt too wide) detected at line 1198
\OML/cmm/m/it/10 outVals\OT1/cmr/m/n/10 (\OML/cmm/m/it/10 c; f; p; \OMS/cmsy/m/
n/10 ^^C\OT1/cmr/m/n/10 ) = [] \OMS/cmsy/m/n/10 ^^N \OML/cmm/m/it/10 F[]\OT1/cm
r/m/n/10 (\OML/cmm/m/it/10 x[]\OT1/cmr/m/n/10 ) = \OML/cmm/m/it/10 J[]\OT1/cmr/
m/n/10 ([])\OMS/cmsy/m/n/10 r ^^A []\OT1/cmr/m/n/10 ([]) 0 \OMS/cmsy/m/n/10 ^^T
 \OML/cmm/m/it/10 c < C :
 []

[268] [269] [270] [271] [272] [273] [274] [275] [276] [277] [278] [279] [280] [
281] [282] [283] [284] [285] [286] [287] (./_formulas_dark.aux)
 ***********
LaTeX2e <2023-11-01> patch level 1
L3 programming layer <2024-01-22>
 ***********
 ) 
Here is how much of TeX's memory you used:
 2743 strings out of 476183
 39847 string characters out of 5795621
 1926972 words of memory out of 5000000
 24745 multiletter control sequences out of 15000+600000
 561600 words of font info for 50 fonts, out of 8000000 for 9000
 14 hyphenation exceptions out of 8191
 72i,15n,79p,229b,171s stack positions out of 10000i,1000n,20000p,200000b,200000s

Output written on _formulas_dark.dvi (287 pages, 84852 bytes).
